<?xml version="1.0" encoding="UTF-8"?>
<!-- Generated by org.testng.reporters.JUnitReportReporter -->
<testsuite hostname="NeverSame" failures="0" tests="1" name="com.rest.TestResponseStuff" time="1.075" errors="0" timestamp="2024-03-25T00:41:12 IST" skipped="0">
  <testcase classname="com.rest.TestResponseStuff" name="basictest" time="1.075"/>
</testsuite> <!-- com.rest.TestResponseStuff -->
