<?xml version="1.0" encoding="UTF-8"?>
<!-- Generated by org.testng.reporters.JUnitReportReporter -->
<testsuite hostname="NeverSame" failures="0" tests="1" name="com.rest.TestFirst" time="0.500" errors="0" timestamp="2023-10-04T21:19:32 IST" skipped="0">
  <testcase classname="com.rest.TestFirst" name="testFirst" time="0.500"/>
</testsuite> <!-- com.rest.TestFirst -->
