<?xml version="1.0" encoding="UTF-8"?>
<!-- Generated by org.testng.reporters.JUnitReportReporter -->
<testsuite hostname="NeverSame" failures="0" tests="1" name="com.rest.TestResponseStuff3" time="1.109" errors="0" timestamp="2024-03-25T12:15:14 IST" skipped="0">
  <testcase classname="com.rest.TestResponseStuff3" name="basictest" time="1.109"/>
</testsuite> <!-- com.rest.TestResponseStuff3 -->
