<?xml version="1.0" encoding="UTF-8"?>
<!-- Generated by org.testng.reporters.JUnitReportReporter -->
<testsuite hostname="NeverSame" failures="0" tests="2" name="com.rest.spotify.PlaylistSpotify" time="2.206" errors="0" timestamp="2024-04-05T00:43:40 IST" skipped="0">
  <testcase classname="com.rest.spotify.PlaylistSpotify" name="getPlaylist" time="0.299"/>
  <testcase classname="com.rest.spotify.PlaylistSpotify" name="createPlaylist" time="1.907"/>
</testsuite> <!-- com.rest.spotify.PlaylistSpotify -->
