<?xml version="1.0" encoding="UTF-8"?>
<!-- Generated by org.testng.reporters.JUnitReportReporter -->
<testsuite hostname="NeverSame" failures="0" tests="2" name="com.rest.ReqresGet" time="1.925" errors="0" timestamp="2024-03-23T21:21:12 IST" skipped="0">
  <testcase classname="com.rest.ReqresGet" name="basictest1" time="1.742"/>
  <testcase classname="com.rest.ReqresGet" name="basicTest2" time="0.183"/>
</testsuite> <!-- com.rest.ReqresGet -->
