<?xml version="1.0" encoding="UTF-8"?>
<!-- Generated by org.testng.reporters.JUnitReportReporter -->
<testsuite hostname="NeverSame" failures="0" tests="1" name="com.rest.TestResponseStuff2" time="1.033" errors="0" timestamp="2024-03-25T12:12:33 IST" skipped="0">
  <testcase classname="com.rest.TestResponseStuff2" name="basictest" time="1.033"/>
</testsuite> <!-- com.rest.TestResponseStuff2 -->
