<?xml version="1.0" encoding="UTF-8"?>
<!-- Generated by org.testng.reporters.JUnitReportReporter -->
<testsuite hostname="NeverSame" failures="0" tests="1" name="com.rest.HandingJasons" time="1.592" errors="0" timestamp="2023-11-13T13:51:22 IST" skipped="0">
  <testcase classname="com.rest.HandingJasons" name="getCourseSize" time="1.592"/>
</testsuite> <!-- com.rest.HandingJasons -->
