<?xml version="1.0" encoding="UTF-8"?>
<!-- Generated by org.testng.reporters.JUnitReportReporter -->
<testsuite hostname="NeverSame" failures="0" tests="1" name="com.rest.TestResponseStuff" time="0.148" errors="0" timestamp="2024-04-22T02:06:45 IST" skipped="0">
  <testcase classname="com.rest.TestResponseStuff" name="basictest" time="0.148"/>
</testsuite> <!-- com.rest.TestResponseStuff -->
