<?xml version="1.0" encoding="UTF-8"?>
<!-- Generated by org.testng.reporters.JUnitReportReporter -->
<testsuite hostname="NeverSame" failures="0" tests="1" name="com.rest.TestFirst" time="0.001" errors="0" timestamp="2024-04-22T02:06:45 IST" skipped="0">
  <testcase classname="com.rest.TestFirst" name="testFirst" time="0.001"/>
</testsuite> <!-- com.rest.TestFirst -->
